<?xml version="1.0" encoding="UTF-8"?>
<testng-results skipped="0" failed="0" total="2" passed="2">
  <reporter-output>
  </reporter-output>
  <suite name="DeltaSuite" duration-ms="26459" started-at="2016-09-04T11:10:58Z" finished-at="2016-09-04T11:11:24Z">
    <groups>
    </groups>
    <test name="ChromeTest" duration-ms="12970" started-at="2016-09-04T11:10:58Z" finished-at="2016-09-04T11:11:11Z">
      <class name="delta.main.DeltaDriver">
        <test-method status="PASS" signature="initFrameWork()[pri:0, instance:delta.main.DeltaDriver@59ec2012]" name="initFrameWork" is-config="true" duration-ms="410" started-at="2016-09-04T16:40:58Z" finished-at="2016-09-04T16:40:58Z">
          <reporter-output>
          </reporter-output>
        </test-method> <!-- initFrameWork -->
        <test-method status="PASS" signature="launchApp(org.testng.xml.XmlTest)[pri:0, instance:delta.main.DeltaDriver@59ec2012]" name="launchApp" is-config="true" duration-ms="10672" started-at="2016-09-04T16:40:59Z" finished-at="2016-09-04T16:41:10Z">
          <params>
            <param index="0">
              <value>
                <![CDATA[[Test: "ChromeTest" verbose:1[parameters:browser=>chrome][metagroups:] [included: ][excluded: ]  classes:[XmlClass class=delta.main.DeltaDriver]  packages:] ]]>
              </value>
            </param>
          </params>
          <reporter-output>
          </reporter-output>
        </test-method> <!-- launchApp -->
        <test-method status="PASS" signature="testScenarios(java.lang.String, java.lang.String)[pri:0, instance:delta.main.DeltaDriver@59ec2012]" name="testScenarios" duration-ms="720" started-at="2016-09-04T16:41:10Z" data-provider="getScenarios" finished-at="2016-09-04T16:41:11Z">
          <params>
            <param index="0">
              <value>
                <![CDATA[Scenario1]]>
              </value>
            </param>
            <param index="1">
              <value>
                <![CDATA[yes]]>
              </value>
            </param>
          </params>
          <reporter-output>
          </reporter-output>
        </test-method> <!-- testScenarios -->
        <test-method status="PASS" signature="quitApp(org.testng.ITestResult)[pri:0, instance:delta.main.DeltaDriver@59ec2012]" name="quitApp" is-config="true" duration-ms="6" started-at="2016-09-04T16:41:11Z" finished-at="2016-09-04T16:41:11Z">
          <params>
            <param index="0">
              <value>
                <![CDATA[[TestResult name=testScenarios status=SUCCESS method=DeltaDriver.testScenarios(java.lang.String, java.lang.String)[pri:0, instance:delta.main.DeltaDriver@59ec2012] output={null}]]]>
              </value>
            </param>
          </params>
          <reporter-output>
          </reporter-output>
        </test-method> <!-- quitApp -->
        <test-method status="PASS" signature="endFrameWork()[pri:0, instance:delta.main.DeltaDriver@59ec2012]" name="endFrameWork" is-config="true" duration-ms="361" started-at="2016-09-04T16:41:11Z" finished-at="2016-09-04T16:41:11Z">
          <reporter-output>
          </reporter-output>
        </test-method> <!-- endFrameWork -->
      </class> <!-- delta.main.DeltaDriver -->
    </test> <!-- ChromeTest -->
    <test name="FirefoxTest" duration-ms="13458" started-at="2016-09-04T11:11:11Z" finished-at="2016-09-04T11:11:24Z">
      <class name="delta.main.DeltaDriver">
        <test-method status="PASS" signature="initFrameWork()[pri:0, instance:delta.main.DeltaDriver@25bbe1b6]" name="initFrameWork" is-config="true" duration-ms="5" started-at="2016-09-04T16:41:11Z" finished-at="2016-09-04T16:41:11Z">
          <reporter-output>
          </reporter-output>
        </test-method> <!-- initFrameWork -->
        <test-method status="PASS" signature="launchApp(org.testng.xml.XmlTest)[pri:0, instance:delta.main.DeltaDriver@25bbe1b6]" name="launchApp" is-config="true" duration-ms="10217" started-at="2016-09-04T16:41:11Z" finished-at="2016-09-04T16:41:21Z">
          <params>
            <param index="0">
              <value>
                <![CDATA[[Test: "FirefoxTest" verbose:1[parameters:browser=>firefox][metagroups:] [included: ][excluded: ]  classes:[XmlClass class=delta.main.DeltaDriver]  packages:] ]]>
              </value>
            </param>
          </params>
          <reporter-output>
          </reporter-output>
        </test-method> <!-- launchApp -->
        <test-method status="PASS" signature="testScenarios(java.lang.String, java.lang.String)[pri:0, instance:delta.main.DeltaDriver@25bbe1b6]" name="testScenarios" duration-ms="3079" started-at="2016-09-04T16:41:21Z" data-provider="getScenarios" finished-at="2016-09-04T16:41:24Z">
          <params>
            <param index="0">
              <value>
                <![CDATA[Scenario1]]>
              </value>
            </param>
            <param index="1">
              <value>
                <![CDATA[yes]]>
              </value>
            </param>
          </params>
          <reporter-output>
          </reporter-output>
        </test-method> <!-- testScenarios -->
        <test-method status="PASS" signature="quitApp(org.testng.ITestResult)[pri:0, instance:delta.main.DeltaDriver@25bbe1b6]" name="quitApp" is-config="true" duration-ms="1" started-at="2016-09-04T16:41:24Z" finished-at="2016-09-04T16:41:24Z">
          <params>
            <param index="0">
              <value>
                <![CDATA[[TestResult name=testScenarios status=SUCCESS method=DeltaDriver.testScenarios(java.lang.String, java.lang.String)[pri:0, instance:delta.main.DeltaDriver@25bbe1b6] output={null}]]]>
              </value>
            </param>
          </params>
          <reporter-output>
          </reporter-output>
        </test-method> <!-- quitApp -->
        <test-method status="PASS" signature="endFrameWork()[pri:0, instance:delta.main.DeltaDriver@25bbe1b6]" name="endFrameWork" is-config="true" duration-ms="73" started-at="2016-09-04T16:41:24Z" finished-at="2016-09-04T16:41:24Z">
          <reporter-output>
          </reporter-output>
        </test-method> <!-- endFrameWork -->
      </class> <!-- delta.main.DeltaDriver -->
    </test> <!-- FirefoxTest -->
  </suite> <!-- DeltaSuite -->
</testng-results>
