<?xml version="1.0" encoding="UTF-8"?>
<!-- Generated by org.testng.reporters.JUnitXMLReporter -->
<testsuite hostname="CBT-023" name="AutomationTest" tests="2" failures="1" timestamp="3 Sep 2016 12:59:54 GMT" time="23.062" errors="0">
  <testcase name="testScenarios" time="0.434" classname="delta.main.DeltaDriver">
    <failure type="java.lang.AssertionError" message="null">
      <![CDATA[java.lang.AssertionError: null
	at delta.main.DeltaDriver.testScenarios(DeltaDriver.java:72)
... Removed 25 stack frames]]>
    </failure>
  </testcase> <!-- testScenarios -->
  <testcase name="testScenarios" time="0.0" classname="delta.main.DeltaDriver">
    <skipped/>
  </testcase> <!-- testScenarios -->
</testsuite> <!-- AutomationTest -->
